<?xml version="1.0" encoding="UTF-8"?>
<testng-results skipped="0" failed="0" total="1" passed="1">
  <reporter-output>
  </reporter-output>
  <suite name="Example test run" duration-ms="8151" started-at="2019-04-29T10:36:15Z" finished-at="2019-04-29T10:36:23Z">
    <groups>
    </groups>
    <test name="Simple Test" duration-ms="8151" started-at="2019-04-29T10:36:15Z" finished-at="2019-04-29T10:36:23Z">
      <class name="com.bsip.LPQ.CreditCardForm">
        <test-method status="PASS" signature="openBrowser()[pri:0, instance:com.bsip.LPQ.CreditCardForm@61a52fbd]" name="openBrowser" duration-ms="8139" started-at="2019-04-29T16:06:15Z" finished-at="2019-04-29T16:06:23Z">
          <reporter-output>
          </reporter-output>
        </test-method> <!-- openBrowser -->
      </class> <!-- com.bsip.LPQ.CreditCardForm -->
    </test> <!-- Simple Test -->
  </suite> <!-- Example test run -->
</testng-results>
